[pid 1287] +++ process 1287 attached (ppid 1286) +++
[pid 1287] === symbols loaded: './hard_to_find_ret_opt' ===
[pid 1287] ==> _start() at 0x080482e0
[pid 1287]    ==> __libc_start_main@plt() at 0x080482b8
[pid 1287]       ==> __libc_csu_init() at 0x08048530
[pid 1287]          ==> _init() at 0x08048270
[pid 1287]             ==> call_gmon_start() at 0x08048304
[pid 1287]             <== call_gmon_start() [eax = 0x0]
[pid 1287]             ==> frame_dummy() at 0x08048390
[pid 1287]             <== frame_dummy() [eax = 0x0]
[pid 1287]             ==> __do_global_ctors_aux() at 0x080485a0
[pid 1287]             <== __do_global_ctors_aux() [eax = 0xffffffff]
[pid 1287]          <== _init() [eax = 0xffffffff]
[pid 1287]       <== __libc_csu_init() [eax = 0x80495f4]
[pid 1287]       ==> main(int argc <1>, POINTER argv <0xbfdb1a64>) at 0x080484b0 [/home/sato/tracef-trunk/sample/hard_to_find_ret.c:50] 
[pid 1287]          ==> foo(int argc <1>) at 0x08048450 [/home/sato/tracef-trunk/sample/hard_to_find_ret.c:36] 
[pid 1287]             ==> sw(int a <3>) at 0x080483c0 [/home/sato/tracef-trunk/sample/hard_to_find_ret.c:4] 
[pid 1287]                ==> getpid@plt() at 0x08048298
[pid 1287]                <== getpid@plt() [eax = 0x507]
[pid 1287]                ==> sw(int a <3>) at 0x080483c0 [/home/sato/tracef-trunk/sample/hard_to_find_ret.c:4] 
[pid 1287]                   ==> getpid@plt() at 0x08048298
[pid 1287]                   <== getpid@plt() [eax = 0x507]
[pid 1287]                   ==> sw(int a <3>) at 0x080483c0 [/home/sato/tracef-trunk/sample/hard_to_find_ret.c:4] 
[pid 1287]                      ==> getpid@plt() at 0x08048298
[pid 1287]                      <== getpid@plt() [eax = 0x507]
[pid 1287]                      ==> sw2(int a <2>) at 0x08048410 [/home/sato/tracef-trunk/sample/hard_to_find_ret.c:22] 
[pid 1287]                         ==> getpid@plt() at 0x08048298
[pid 1287]                         <== getpid@plt() [eax = 0x507]
[pid 1287]                         ==> sw2(int a <2>) at 0x08048410 [/home/sato/tracef-trunk/sample/hard_to_find_ret.c:22] 
[pid 1287]                            ==> getpid@plt() at 0x08048298
[pid 1287]                            <== getpid@plt() [eax = 0x507]
[pid 1287]                            ==> sw2(int a <2>) at 0x08048410 [/home/sato/tracef-trunk/sample/hard_to_find_ret.c:22] 
[pid 1287]                               ==> getpid@plt() at 0x08048298
[pid 1287]                               <== getpid@plt() [eax = 0x507]
[pid 1287]          <== foo() [eax = 0x0]
[pid 1287]          ==> sw(int a <-1>) at 0x080483c0 [/home/sato/tracef-trunk/sample/hard_to_find_ret.c:4] 
[pid 1287]             ==> getpid@plt() at 0x08048298
[pid 1287]             <== getpid@plt() [eax = 0x507]
[pid 1287]             ==> sw(int a <-1>) at 0x080483c0 [/home/sato/tracef-trunk/sample/hard_to_find_ret.c:4] 
[pid 1287]                ==> getpid@plt() at 0x08048298
[pid 1287]                <== getpid@plt() [eax = 0x507]
[pid 1287]                ==> sw(int a <-1>) at 0x080483c0 [/home/sato/tracef-trunk/sample/hard_to_find_ret.c:4] 
[pid 1287]                   ==> getpid@plt() at 0x08048298
[pid 1287]                   <== getpid@plt() [eax = 0x507]
[pid 1287]                   ==> sw(int a <-1>) at 0x080483c0 [/home/sato/tracef-trunk/sample/hard_to_find_ret.c:4] 
[pid 1287]                      ==> getpid@plt() at 0x08048298
[pid 1287]                      <== getpid@plt() [eax = 0x507]
[pid 1287]                      ==> sw(int a <-1>) at 0x080483c0 [/home/sato/tracef-trunk/sample/hard_to_find_ret.c:4] 
[pid 1287]                         ==> getpid@plt() at 0x08048298
[pid 1287]                         <== getpid@plt() [eax = 0x507]
[pid 1287]                         ==> sw2(int a <0>) at 0x08048410 [/home/sato/tracef-trunk/sample/hard_to_find_ret.c:22] 
[pid 1287]                            ==> my_abort() at 0x080483f0 [/home/sato/tracef-trunk/sample/hard_to_find_ret.c:18] 
[pid 1287]                            ==> _exit@plt() at 0x080482c8
[pid 1287] +++ process 1287 detached (ppid 1286) +++
